# JRE version: Java(TM) SE Runtime Environment (8.0_161-b12) (build 1.8.0_161-b12)
# Java VM: Java HotSpot(TM) 64-Bit Server VM (25.161-b12 mixed mode windows-amd64 compressed oops)
Heap:
 PSYoungGen      total 561152K, used 130588K [0x000000076b300000, 0x0000000790b00000, 0x00000007c0000000)
  eden space 507904K, 20% used [0x000000076b300000,0x0000000771a577a0,0x000000078a300000)
  from space 53248K, 46% used [0x000000078a300000,0x000000078bb2f8d0,0x000000078d700000)
  to   space 31744K, 0% used [0x000000078ec00000,0x000000078ec00000,0x0000000790b00000)
 ParOldGen       total 221184K, used 88483K [0x00000006c1800000, 0x00000006cf000000, 0x000000076b300000)
  object space 221184K, 40% used [0x00000006c1800000,0x00000006c6e68c20,0x00000006cf000000)
 Metaspace       used 13584K, capacity 13824K, committed 13952K, reserved 1060864K
  class space    used 1561K, capacity 1652K, committed 1664K, reserved 1048576K
GC Heap History (10 events):
Event: 2.718 GC heap before
{Heap before GC invocations=4 (full 0):
 PSYoungGen      total 141824K, used 141425K [0x000000076b300000, 0x000000077c800000, 0x00000007c0000000)
  eden space 131072K, 100% used [0x000000076b300000,0x0000000773300000,0x0000000773300000)
  from space 10752K, 96% used [0x0000000773300000,0x0000000773d1c580,0x0000000773d80000)
  to   space 10752K, 0% used [0x000000077bd80000,0x000000077bd80000,0x000000077c800000)
 ParOldGen       total 175104K, used 42037K [0x00000006c1800000, 0x00000006cc300000, 0x000000076b300000)
  object space 175104K, 24% used [0x00000006c1800000,0x00000006c410d4b0,0x00000006cc300000)
 Metaspace       used 12416K, capacity 12646K, committed 12928K, reserved 1060864K
  class space    used 1480K, capacity 1585K, committed 1664K, reserved 1048576K
Event: 2.793 GC heap after
Heap after GC invocations=4 (full 0):
 PSYoungGen      total 272896K, used 10359K [0x000000076b300000, 0x000000077c800000, 0x00000007c0000000)
  eden space 262144K, 0% used [0x000000076b300000,0x000000076b300000,0x000000077b300000)
  from space 10752K, 96% used [0x000000077bd80000,0x000000077c79dc00,0x000000077c800000)
  to   space 10752K, 0% used [0x000000077b300000,0x000000077b300000,0x000000077bd80000)
 ParOldGen       total 175104K, used 92076K [0x00000006c1800000, 0x00000006cc300000, 0x000000076b300000)
  object space 175104K, 52% used [0x00000006c1800000,0x00000006c71eb110,0x00000006cc300000)
 Metaspace       used 12416K, capacity 12646K, committed 12928K, reserved 1060864K
  class space    used 1480K, capacity 1585K, committed 1664K, reserved 1048576K
}
Event: 12.735 GC heap before
{Heap before GC invocations=5 (full 0):
 PSYoungGen      total 272896K, used 270297K [0x000000076b300000, 0x000000077c800000, 0x00000007c0000000)
  eden space 262144K, 99% used [0x000000076b300000,0x000000077b0d88d0,0x000000077b300000)
  from space 10752K, 96% used [0x000000077bd80000,0x000000077c79dc00,0x000000077c800000)
  to   space 10752K, 0% used [0x000000077b300000,0x000000077b300000,0x000000077bd80000)
 ParOldGen       total 175104K, used 92076K [0x00000006c1800000, 0x00000006cc300000, 0x000000076b300000)
  object space 175104K, 52% used [0x00000006c1800000,0x00000006c71eb110,0x00000006cc300000)
 Metaspace       used 13554K, capacity 13824K, committed 13952K, reserved 1060864K
  class space    used 1561K, capacity 1652K, committed 1664K, reserved 1048576K
Event: 12.804 GC heap after
Heap after GC invocations=5 (full 0):
 PSYoungGen      total 272896K, used 10724K [0x000000076b300000, 0x0000000792500000, 0x00000007c0000000)
  eden space 262144K, 0% used [0x000000076b300000,0x000000076b300000,0x000000077b300000)
  from space 10752K, 99% used [0x000000077b300000,0x000000077bd79040,0x000000077bd80000)
  to   space 58368K, 0% used [0x000000078ec00000,0x000000078ec00000,0x0000000792500000)
 ParOldGen       total 175104K, used 147548K [0x00000006c1800000, 0x00000006cc300000, 0x000000076b300000)
  object space 175104K, 84% used [0x00000006c1800000,0x00000006ca817328,0x00000006cc300000)
 Metaspace       used 13554K, capacity 13824K, committed 13952K, reserved 1060864K
  class space    used 1561K, capacity 1652K, committed 1664K, reserved 1048576K
}
Event: 12.804 GC heap before
{Heap before GC invocations=6 (full 1):
 PSYoungGen      total 272896K, used 10724K [0x000000076b300000, 0x0000000792500000, 0x00000007c0000000)
  eden space 262144K, 0% used [0x000000076b300000,0x000000076b300000,0x000000077b300000)
  from space 10752K, 99% used [0x000000077b300000,0x000000077bd79040,0x000000077bd80000)
  to   space 58368K, 0% used [0x000000078ec00000,0x000000078ec00000,0x0000000792500000)
 ParOldGen       total 175104K, used 147548K [0x00000006c1800000, 0x00000006cc300000, 0x000000076b300000)
  object space 175104K, 84% used [0x00000006c1800000,0x00000006ca817328,0x00000006cc300000)
 Metaspace       used 13554K, capacity 13824K, committed 13952K, reserved 1060864K
  class space    used 1561K, capacity 1652K, committed 1664K, reserved 1048576K
Event: 12.834 GC heap after
Heap after GC invocations=6 (full 1):
 PSYoungGen      total 272896K, used 0K [0x000000076b300000, 0x0000000792500000, 0x00000007c0000000)
  eden space 262144K, 0% used [0x000000076b300000,0x000000076b300000,0x000000077b300000)
  from space 10752K, 0% used [0x000000077b300000,0x000000077b300000,0x000000077bd80000)
  to   space 58368K, 0% used [0x000000078ec00000,0x000000078ec00000,0x0000000792500000)
 ParOldGen       total 221184K, used 88475K [0x00000006c1800000, 0x00000006cf000000, 0x000000076b300000)
  object space 221184K, 40% used [0x00000006c1800000,0x00000006c6e66c20,0x00000006cf000000)
 Metaspace       used 13554K, capacity 13824K, committed 13952K, reserved 1060864K
  class space    used 1561K, capacity 1652K, committed 1664K, reserved 1048576K
}
Event: 63.346 GC heap before
{Heap before GC invocations=7 (full 1):
 PSYoungGen      total 272896K, used 262144K [0x000000076b300000, 0x0000000792500000, 0x00000007c0000000)
  eden space 262144K, 100% used [0x000000076b300000,0x000000077b300000,0x000000077b300000)
  from space 10752K, 0% used [0x000000077b300000,0x000000077b300000,0x000000077bd80000)
  to   space 58368K, 0% used [0x000000078ec00000,0x000000078ec00000,0x0000000792500000)
 ParOldGen       total 221184K, used 88475K [0x00000006c1800000, 0x00000006cf000000, 0x000000076b300000)
  object space 221184K, 40% used [0x00000006c1800000,0x00000006c6e66c20,0x00000006cf000000)
 Metaspace       used 13584K, capacity 13824K, committed 13952K, reserved 1060864K
  class space    used 1561K, capacity 1652K, committed 1664K, reserved 1048576K
Event: 63.366 GC heap after
Heap after GC invocations=7 (full 1):
 PSYoungGen      total 539648K, used 24798K [0x000000076b300000, 0x0000000790b00000, 0x00000007c0000000)
  eden space 507904K, 0% used [0x000000076b300000,0x000000076b300000,0x000000078a300000)
  from space 31744K, 78% used [0x000000078ec00000,0x00000007904378d0,0x0000000790b00000)
  to   space 53248K, 0% used [0x000000078a300000,0x000000078a300000,0x000000078d700000)
 ParOldGen       total 221184K, used 88483K [0x00000006c1800000, 0x00000006cf000000, 0x000000076b300000)
  object space 221184K, 40% used [0x00000006c1800000,0x00000006c6e68c20,0x00000006cf000000)
 Metaspace       used 13584K, capacity 13824K, committed 13952K, reserved 1060864K
  class space    used 1561K, capacity 1652K, committed 1664K, reserved 1048576K
}
Event: 374.576 GC heap before
{Heap before GC invocations=8 (full 1):
 PSYoungGen      total 539648K, used 532702K [0x000000076b300000, 0x0000000790b00000, 0x00000007c0000000)
  eden space 507904K, 100% used [0x000000076b300000,0x000000078a300000,0x000000078a300000)
  from space 31744K, 78% used [0x000000078ec00000,0x00000007904378d0,0x0000000790b00000)
  to   space 53248K, 0% used [0x000000078a300000,0x000000078a300000,0x000000078d700000)
 ParOldGen       total 221184K, used 88483K [0x00000006c1800000, 0x00000006cf000000, 0x000000076b300000)
  object space 221184K, 40% used [0x00000006c1800000,0x00000006c6e68c20,0x00000006cf000000)
 Metaspace       used 13584K, capacity 13824K, committed 13952K, reserved 1060864K
  class space    used 1561K, capacity 1652K, committed 1664K, reserved 1048576K
Event: 374.598 GC heap after
Heap after GC invocations=8 (full 1):
 PSYoungGen      total 561152K, used 24766K [0x000000076b300000, 0x0000000790b00000, 0x00000007c0000000)
  eden space 507904K, 0% used [0x000000076b300000,0x000000076b300000,0x000000078a300000)
  from space 53248K, 46% used [0x000000078a300000,0x000000078bb2f8d0,0x000000078d700000)
  to   space 31744K, 0% used [0x000000078ec00000,0x000000078ec00000,0x0000000790b00000)
 ParOldGen       total 221184K, used 88483K [0x00000006c1800000, 0x00000006cf000000, 0x000000076b300000)
  object space 221184K, 40% used [0x00000006c1800000,0x00000006c6e68c20,0x00000006cf000000)
 Metaspace       used 13584K, capacity 13824K, committed 13952K, reserved 1060864K
  class space    used 1561K, capacity 1652K, committed 1664K, reserved 1048576K
}

